<?xml version="1.0" encoding="UTF-8"?>
<coverage generated="1586812367739" clover="3.2.0">
  <project timestamp="1586812367740" name="All files">
    <metrics statements="78" coveredstatements="76" conditionals="57" coveredconditionals="55" methods="5" coveredmethods="5" elements="140" coveredelements="136" complexity="0" loc="78" ncloc="78" packages="1" files="1" classes="1"/>
    <file name="validator.ts" path="C:\Users\Vasu Vanka\Documents\CodeWorkSpace\schema-validator\src\validator.ts">
      <metrics statements="78" coveredstatements="76" conditionals="57" coveredconditionals="55" methods="5" coveredmethods="5"/>
      <line num="2" count="1" type="stmt"/>
      <line num="14" count="1" type="stmt"/>
      <line num="24" count="19" type="cond" truecount="4" falsecount="0"/>
      <line num="25" count="1" type="stmt"/>
      <line num="27" count="18" type="stmt"/>
      <line num="28" count="18" type="cond" truecount="2" falsecount="0"/>
      <line num="29" count="5" type="stmt"/>
      <line num="31" count="13" type="stmt"/>
      <line num="41" count="10" type="stmt"/>
      <line num="50" count="1" type="stmt"/>
      <line num="52" count="14" type="stmt"/>
      <line num="53" count="14" type="stmt"/>
      <line num="54" count="14" type="stmt"/>
      <line num="63" count="47" type="stmt"/>
      <line num="64" count="47" type="stmt"/>
      <line num="65" count="47" type="stmt"/>
      <line num="66" count="47" type="stmt"/>
      <line num="68" count="11" type="stmt"/>
      <line num="69" count="11" type="stmt"/>
      <line num="71" count="6" type="stmt"/>
      <line num="72" count="6" type="stmt"/>
      <line num="74" count="1" type="stmt"/>
      <line num="75" count="1" type="stmt"/>
      <line num="77" count="1" type="stmt"/>
      <line num="78" count="1" type="stmt"/>
      <line num="80" count="22" type="cond" truecount="2" falsecount="0"/>
      <line num="81" count="3" type="stmt"/>
      <line num="83" count="22" type="cond" truecount="2" falsecount="0"/>
      <line num="84" count="2" type="stmt"/>
      <line num="86" count="22" type="cond" truecount="2" falsecount="0"/>
      <line num="87" count="18" type="stmt"/>
      <line num="88" count="18" type="stmt"/>
      <line num="89" count="31" type="stmt"/>
      <line num="90" count="31" type="cond" truecount="2" falsecount="0"/>
      <line num="91" count="1" type="stmt"/>
      <line num="93" count="31" type="cond" truecount="2" falsecount="0"/>
      <line num="94" count="28" type="stmt"/>
      <line num="95" count="28" type="cond" truecount="2" falsecount="0"/>
      <line num="96" count="13" type="stmt"/>
      <line num="99" count="18" type="stmt"/>
      <line num="102" count="22" type="stmt"/>
      <line num="104" count="6" type="cond" truecount="2" falsecount="0"/>
      <line num="105" count="1" type="stmt"/>
      <line num="106" count="5" type="cond" truecount="2" falsecount="0"/>
      <line num="107" count="1" type="stmt"/>
      <line num="109" count="6" type="cond" truecount="2" falsecount="0"/>
      <line num="110" count="4" type="stmt"/>
      <line num="111" count="5" type="stmt"/>
      <line num="112" count="5" type="cond" truecount="2" falsecount="0"/>
      <line num="113" count="1" type="stmt"/>
      <line num="117" count="6" type="stmt"/>
      <line num="119" count="0" type="stmt"/>
      <line num="120" count="0" type="stmt"/>
      <line num="122" count="47" type="stmt"/>
      <line num="129" count="1" type="stmt"/>
      <line num="130" count="137" type="stmt"/>
      <line num="131" count="137" type="cond" truecount="2" falsecount="0"/>
      <line num="132" count="13" type="cond" truecount="2" falsecount="0"/>
      <line num="133" count="1" type="stmt"/>
      <line num="135" count="12" type="stmt"/>
      <line num="137" count="124" type="cond" truecount="2" falsecount="0"/>
      <line num="138" count="91" type="cond" truecount="4" falsecount="0"/>
      <line num="139" count="22" type="stmt"/>
      <line num="141" count="69" type="cond" truecount="2" falsecount="0"/>
      <line num="142" count="1" type="stmt"/>
      <line num="144" count="68" type="cond" truecount="2" falsecount="0"/>
      <line num="145" count="2" type="stmt"/>
      <line num="147" count="66" type="cond" truecount="2" falsecount="0"/>
      <line num="148" count="1" type="stmt"/>
      <line num="150" count="65" type="cond" truecount="2" falsecount="0"/>
      <line num="151" count="1" type="stmt"/>
      <line num="153" count="64" type="cond" truecount="2" falsecount="0"/>
      <line num="154" count="1" type="stmt"/>
      <line num="156" count="63" type="stmt"/>
      <line num="158" count="33" type="cond" truecount="2" falsecount="0"/>
      <line num="159" count="23" type="cond" truecount="1" falsecount="1"/>
      <line num="160" count="23" type="stmt"/>
      <line num="163" count="10" type="stmt"/>
    </file>
  </project>
</coverage>
