TN:
SF:src\validator.ts
FN:23,validateType
FN:40,buildErrorMessage
FN:50,validate
FN:62,validateData
FN:129,findType
FNF:5
FNH:5
FNDA:19,validateType
FNDA:10,buildErrorMessage
FNDA:14,validate
FNDA:47,validateData
FNDA:137,findType
DA:2,1
DA:14,1
DA:24,19
DA:25,1
DA:27,18
DA:28,18
DA:29,5
DA:31,13
DA:41,10
DA:50,1
DA:52,14
DA:53,14
DA:54,14
DA:63,47
DA:64,47
DA:65,47
DA:66,47
DA:68,11
DA:69,11
DA:71,6
DA:72,6
DA:74,1
DA:75,1
DA:77,1
DA:78,1
DA:80,22
DA:81,3
DA:83,22
DA:84,2
DA:86,22
DA:87,18
DA:88,18
DA:89,31
DA:90,31
DA:91,1
DA:93,31
DA:94,28
DA:95,28
DA:96,13
DA:99,18
DA:102,22
DA:104,6
DA:105,1
DA:106,5
DA:107,1
DA:109,6
DA:110,4
DA:111,5
DA:112,5
DA:113,1
DA:117,6
DA:119,0
DA:120,0
DA:122,47
DA:129,1
DA:130,137
DA:131,137
DA:132,13
DA:133,1
DA:135,12
DA:137,124
DA:138,91
DA:139,22
DA:141,69
DA:142,1
DA:144,68
DA:145,2
DA:147,66
DA:148,1
DA:150,65
DA:151,1
DA:153,64
DA:154,1
DA:156,63
DA:158,33
DA:159,23
DA:160,23
DA:163,10
LF:78
LH:76
BRDA:24,0,0,1
BRDA:24,0,1,18
BRDA:24,1,0,19
BRDA:24,1,1,18
BRDA:28,2,0,5
BRDA:28,2,1,13
BRDA:67,3,0,11
BRDA:67,3,1,6
BRDA:67,3,2,1
BRDA:67,3,3,1
BRDA:67,3,4,22
BRDA:67,3,5,6
BRDA:67,3,6,0
BRDA:80,4,0,3
BRDA:80,4,1,19
BRDA:83,5,0,2
BRDA:83,5,1,20
BRDA:86,6,0,18
BRDA:86,6,1,4
BRDA:90,7,0,1
BRDA:90,7,1,30
BRDA:93,8,0,28
BRDA:93,8,1,3
BRDA:95,9,0,13
BRDA:95,9,1,15
BRDA:104,10,0,1
BRDA:104,10,1,5
BRDA:106,11,0,1
BRDA:106,11,1,4
BRDA:109,12,0,4
BRDA:109,12,1,2
BRDA:112,13,0,1
BRDA:112,13,1,4
BRDA:131,14,0,13
BRDA:131,14,1,124
BRDA:132,15,0,1
BRDA:132,15,1,12
BRDA:137,16,0,91
BRDA:137,16,1,33
BRDA:138,17,0,22
BRDA:138,17,1,69
BRDA:138,18,0,91
BRDA:138,18,1,22
BRDA:141,19,0,1
BRDA:141,19,1,68
BRDA:144,20,0,2
BRDA:144,20,1,66
BRDA:147,21,0,1
BRDA:147,21,1,65
BRDA:150,22,0,1
BRDA:150,22,1,64
BRDA:153,23,0,1
BRDA:153,23,1,63
BRDA:158,24,0,23
BRDA:158,24,1,10
BRDA:159,25,0,23
BRDA:159,25,1,0
BRF:57
BRH:55
end_of_record
